<?xml version="1.0" encoding="UTF-8"?>
<coverage generated="1653569873488" clover="3.2.0">
  <project timestamp="1653569873488" name="All files">
    <metrics statements="23" coveredstatements="21" conditionals="0" coveredconditionals="0" methods="7" coveredmethods="5" elements="30" coveredelements="26" complexity="0" loc="23" ncloc="23" packages="1" files="4" classes="4"/>
    <file name="Controls.vue" path="F:\DCI\VUE\vue-counter1\vue-counter\src\components\Controls.vue">
      <metrics statements="10" coveredstatements="8" conditionals="0" coveredconditionals="0" methods="4" coveredmethods="2"/>
      <line num="11" count="2" type="stmt"/>
      <line num="12" count="2" type="stmt"/>
      <line num="14" count="2" type="stmt"/>
      <line num="15" count="3" type="stmt"/>
      <line num="16" count="3" type="stmt"/>
      <line num="17" count="3" type="stmt"/>
      <line num="18" count="1" type="stmt"/>
      <line num="20" count="0" type="stmt"/>
      <line num="22" count="0" type="stmt"/>
      <line num="24" count="3" type="stmt"/>
    </file>
    <file name="Counter.vue" path="F:\DCI\VUE\vue-counter1\vue-counter\src\components\Counter.vue">
      <metrics statements="8" coveredstatements="8" conditionals="0" coveredconditionals="0" methods="2" coveredmethods="2"/>
      <line num="9" count="1" type="stmt"/>
      <line num="10" count="1" type="stmt"/>
      <line num="11" count="1" type="stmt"/>
      <line num="13" count="1" type="stmt"/>
      <line num="16" count="1" type="stmt"/>
      <line num="17" count="1" type="stmt"/>
      <line num="19" count="1" type="stmt"/>
      <line num="21" count="1" type="stmt"/>
    </file>
    <file name="CounterDisplay.vue" path="F:\DCI\VUE\vue-counter1\vue-counter\src\components\CounterDisplay.vue">
      <metrics statements="3" coveredstatements="3" conditionals="0" coveredconditionals="0" methods="1" coveredmethods="1"/>
      <line num="9" count="2" type="stmt"/>
      <line num="11" count="2" type="stmt"/>
      <line num="15" count="3" type="stmt"/>
    </file>
    <file name="HelloWorld.vue" path="F:\DCI\VUE\vue-counter1\vue-counter\src\components\HelloWorld.vue">
      <metrics statements="2" coveredstatements="2" conditionals="0" coveredconditionals="0" methods="0" coveredmethods="0"/>
      <line num="35" count="1" type="stmt"/>
      <line num="37" count="1" type="stmt"/>
    </file>
  </project>
</coverage>
