<?xml version="1.0" encoding="UTF-8"?>
<coverage generated="1653570650830" clover="3.2.0">
  <project timestamp="1653570650831" name="All files">
    <metrics statements="21" coveredstatements="18" conditionals="0" coveredconditionals="0" methods="7" coveredmethods="4" elements="28" coveredelements="22" complexity="0" loc="21" ncloc="21" packages="1" files="3" classes="3"/>
    <file name="Controls.vue" path="F:\DCI\VUE\vue-counter1\vue-counter\src\components\Controls.vue">
      <metrics statements="10" coveredstatements="7" conditionals="0" coveredconditionals="0" methods="4" coveredmethods="1"/>
      <line num="11" count="2" type="stmt"/>
      <line num="12" count="2" type="stmt"/>
      <line num="14" count="2" type="stmt"/>
      <line num="15" count="4" type="stmt"/>
      <line num="16" count="4" type="stmt"/>
      <line num="17" count="4" type="stmt"/>
      <line num="18" count="0" type="stmt"/>
      <line num="20" count="0" type="stmt"/>
      <line num="22" count="0" type="stmt"/>
      <line num="24" count="4" type="stmt"/>
    </file>
    <file name="Counter.vue" path="F:\DCI\VUE\vue-counter1\vue-counter\src\components\Counter.vue">
      <metrics statements="8" coveredstatements="8" conditionals="0" coveredconditionals="0" methods="2" coveredmethods="2"/>
      <line num="9" count="1" type="stmt"/>
      <line num="10" count="1" type="stmt"/>
      <line num="11" count="1" type="stmt"/>
      <line num="13" count="1" type="stmt"/>
      <line num="16" count="1" type="stmt"/>
      <line num="17" count="1" type="stmt"/>
      <line num="19" count="1" type="stmt"/>
      <line num="21" count="1" type="stmt"/>
    </file>
    <file name="CounterDisplay.vue" path="F:\DCI\VUE\vue-counter1\vue-counter\src\components\CounterDisplay.vue">
      <metrics statements="3" coveredstatements="3" conditionals="0" coveredconditionals="0" methods="1" coveredmethods="1"/>
      <line num="9" count="2" type="stmt"/>
      <line num="11" count="2" type="stmt"/>
      <line num="15" count="3" type="stmt"/>
    </file>
  </project>
</coverage>
