{"F:\\DCI\\VUE\\vue-counter1\\vue-counter\\src\\components\\Controls.vue": {"path":"F:\\DCI\\VUE\\vue-counter1\\vue-counter\\src\\components\\Controls.vue","statementMap":{"0":{"start":{"line":11,"column":0},"end":{"line":11,"column":null}},"1":{"start":{"line":12,"column":0},"end":{"line":12,"column":null}},"2":{"start":{"line":14,"column":0},"end":{"line":14,"column":15}},"3":{"start":{"line":15,"column":4},"end":{"line":15,"column":9}},"4":{"start":{"line":16,"column":16},"end":{"line":16,"column":28}},"5":{"start":{"line":17,"column":24},"end":{"line":23,"column":null}},"6":{"start":{"line":17,"column":24},"end":{"line":17,"column":null}},"7":{"start":{"line":18,"column":10},"end":{"line":18,"column":16}},"8":{"start":{"line":20,"column":14},"end":{"line":20,"column":17}},"9":{"start":{"line":22,"column":30},"end":{"line":22,"column":37}},"10":{"start":{"line":24,"column":8},"end":{"line":24,"column":15}}},"fnMap":{"0":{"name":"(anonymous_14)","decl":{"start":{"line":15,"column":4},"end":{"line":15,"column":9}},"loc":{"start":{"line":15,"column":4},"end":{"line":25,"column":null}}},"1":{"name":"(anonymous_15)","decl":{"start":{"line":17,"column":24},"end":{"line":17,"column":null}},"loc":{"start":{"line":17,"column":24},"end":{"line":23,"column":null}}},"2":{"name":"(anonymous_18)","decl":{"start":{"line":19,"column":16},"end":{"line":19,"column":17}},"loc":{"start":{"line":19,"column":29},"end":{"line":21,"column":null}}},"3":{"name":"(anonymous_19)","decl":{"start":{"line":22,"column":17},"end":{"line":22,"column":18}},"loc":{"start":{"line":22,"column":25},"end":{"line":22,"column":null}}}},"branchMap":{},"s":{"0":2,"1":2,"2":2,"3":4,"4":4,"5":4,"6":0,"7":0,"8":0,"9":0,"10":4},"f":{"0":4,"1":0,"2":0,"3":0},"b":{}}
,"F:\\DCI\\VUE\\vue-counter1\\vue-counter\\src\\components\\Counter.vue": {"path":"F:\\DCI\\VUE\\vue-counter1\\vue-counter\\src\\components\\Counter.vue","statementMap":{"0":{"start":{"line":9,"column":0},"end":{"line":9,"column":null}},"1":{"start":{"line":10,"column":0},"end":{"line":10,"column":null}},"2":{"start":{"line":11,"column":0},"end":{"line":11,"column":null}},"3":{"start":{"line":13,"column":0},"end":{"line":13,"column":15}},"4":{"start":{"line":16,"column":27},"end":{"line":16,"column":39}},"5":{"start":{"line":17,"column":19},"end":{"line":20,"column":null}},"6":{"start":{"line":19,"column":8},"end":{"line":19,"column":20}},"7":{"start":{"line":21,"column":8},"end":{"line":21,"column":15}}},"fnMap":{"0":{"name":"(anonymous_1)","decl":{"start":{"line":14,"column":4},"end":{"line":14,"column":9}},"loc":{"start":{"line":14,"column":4},"end":{"line":22,"column":null}}},"1":{"name":"(anonymous_2)","decl":{"start":{"line":17,"column":19},"end":{"line":17,"column":20}},"loc":{"start":{"line":17,"column":32},"end":{"line":20,"column":null}}}},"branchMap":{},"s":{"0":1,"1":1,"2":1,"3":1,"4":1,"5":1,"6":1,"7":1},"f":{"0":1,"1":1},"b":{}}
,"F:\\DCI\\VUE\\vue-counter1\\vue-counter\\src\\components\\CounterDisplay.vue": {"path":"F:\\DCI\\VUE\\vue-counter1\\vue-counter\\src\\components\\CounterDisplay.vue","statementMap":{"0":{"start":{"line":9,"column":0},"end":{"line":9,"column":null}},"1":{"start":{"line":11,"column":0},"end":{"line":11,"column":15}},"2":{"start":{"line":15,"column":8},"end":{"line":15,"column":14}}},"fnMap":{"0":{"name":"(anonymous_0)","decl":{"start":{"line":13,"column":9},"end":{"line":13,"column":11}},"loc":{"start":{"line":13,"column":16},"end":{"line":17,"column":null}}}},"branchMap":{},"s":{"0":2,"1":2,"2":3},"f":{"0":3},"b":{}}
}
