TN:
SF:src\components\Controls.vue
FN:15,(anonymous_14)
FN:17,(anonymous_15)
FN:19,(anonymous_18)
FN:22,(anonymous_19)
FNF:4
FNH:2
FNDA:3,(anonymous_14)
FNDA:2,(anonymous_15)
FNDA:0,(anonymous_18)
FNDA:0,(anonymous_19)
DA:11,2
DA:12,2
DA:14,2
DA:15,3
DA:16,3
DA:17,3
DA:18,1
DA:20,0
DA:22,0
DA:24,3
LF:10
LH:8
BRF:0
BRH:0
end_of_record
TN:
SF:src\components\Counter.vue
FN:14,(anonymous_1)
FN:17,(anonymous_2)
FNF:2
FNH:2
FNDA:1,(anonymous_1)
FNDA:1,(anonymous_2)
DA:9,1
DA:10,1
DA:11,1
DA:13,1
DA:16,1
DA:17,1
DA:19,1
DA:21,1
LF:8
LH:8
BRF:0
BRH:0
end_of_record
TN:
SF:src\components\CounterDisplay.vue
FN:13,(anonymous_0)
FNF:1
FNH:1
FNDA:3,(anonymous_0)
DA:9,2
DA:11,2
DA:15,3
LF:3
LH:3
BRF:0
BRH:0
end_of_record
TN:
SF:src\components\HelloWorld.vue
FNF:0
FNH:0
DA:35,1
DA:37,1
LF:2
LH:2
BRF:0
BRH:0
end_of_record
